<?xml version="1.0" encoding="UTF-8"?>
<!-- Generated by org.testng.reporters.JUnitReportReporter -->
<testsuite hostname="JAMESs-MacBook-Pro-3.local" name="com.yourcompany.tester" tests="1" failures="0" timestamp="19 Oct 2016 20:02:52 GMT" time="10.880" errors="0">
  <testcase name="main" time="10.880" classname="com.yourcompany.tester"/>
</testsuite> <!-- com.yourcompany.tester -->
