<?xml version="1.0" encoding="UTF-8"?>
<!-- Generated by org.testng.reporters.JUnitReportReporter -->
<testsuite hostname="JAMESs-MacBook-Pro-3.local" name="tests.MyParallelTestCase" tests="5" failures="0" timestamp="10 Nov 2016 20:38:19 GMT" time="56.379" errors="0">
  <testcase name="checkBoxTest" time="11.581" classname="tests.MyParallelTestCase"/>
  <testcase name="checkBoxTest" time="11.481" classname="tests.MyParallelTestCase"/>
  <testcase name="checkBoxTest" time="8.463" classname="tests.MyParallelTestCase"/>
  <testcase name="checkBoxTest" time="17.420" classname="tests.MyParallelTestCase"/>
  <testcase name="checkBoxTest" time="7.434" classname="tests.MyParallelTestCase"/>
</testsuite> <!-- tests.MyParallelTestCase -->
