<?xml version="1.0" encoding="UTF-8"?>
<!-- Generated by org.testng.reporters.JUnitReportReporter -->
<testsuite hostname="JAMESs-MacBook-Pro-3.local" name="com.yourcompany.HoverPageBase" tests="1" failures="0" timestamp="26 Oct 2016 16:21:53 GMT" time="3.234" errors="0">
  <testcase name="HoverTest1" time="3.234" classname="com.yourcompany.HoverPageBase"/>
</testsuite> <!-- com.yourcompany.HoverPageBase -->
