<?xml version="1.0" encoding="UTF-8"?>
<!-- Generated by org.testng.reporters.JUnitReportReporter -->
<testsuite hostname="JAMESs-MacBook-Pro-3.local" name="com.yourcompany.SampleLocatorTest" tests="1" failures="0" timestamp="20 Oct 2016 17:46:43 GMT" time="10.959" errors="0">
  <testcase name="main" time="10.959" classname="com.yourcompany.SampleLocatorTest"/>
</testsuite> <!-- com.yourcompany.SampleLocatorTest -->
