<?xml version="1.0" encoding="UTF-8"?>
<!-- Generated by org.testng.reporters.JUnitReportReporter -->
<testsuite hostname="JAMESs-MacBook-Pro-3.local" name="com.yourcompany.HoverPageTest" tests="1" failures="0" timestamp="26 Oct 2016 18:37:33 GMT" time="2.899" errors="0">
  <testcase name="HoverTest1" time="2.899" classname="com.yourcompany.HoverPageTest"/>
</testsuite> <!-- com.yourcompany.HoverPageTest -->
