<?xml version="1.0" encoding="UTF-8"?>
<!-- Generated by org.testng.reporters.JUnitReportReporter -->
<testsuite hostname="JAMESs-MacBook-Pro-3.local" name="tests.MyParallelTestCase" tests="5" failures="0" timestamp="24 Feb 2017 23:42:05 GMT" time="96.517" errors="0">
  <testcase name="checkBoxTest" time="11.357" classname="tests.MyParallelTestCase"/>
  <testcase name="checkBoxTest" time="19.633" classname="tests.MyParallelTestCase"/>
  <testcase name="checkBoxTest" time="13.155" classname="tests.MyParallelTestCase"/>
  <testcase name="checkBoxTest" time="32.484" classname="tests.MyParallelTestCase"/>
  <testcase name="checkBoxTest" time="19.888" classname="tests.MyParallelTestCase"/>
</testsuite> <!-- tests.MyParallelTestCase -->
