<?xml version="1.0" encoding="UTF-8"?>
<!-- Generated by org.testng.reporters.JUnitReportReporter -->
<testsuite hostname="JAMESs-MacBook-Pro-3.local" name="tests.GuineaPigTest" tests="10" failures="0" timestamp="5 Apr 2017 23:59:40 GMT" time="201.334" errors="0">
  <testcase name="linkTest" time="20.016" classname="tests.GuineaPigTest"/>
  <testcase name="commentTest" time="32.403" classname="tests.GuineaPigTest"/>
  <testcase name="linkTest" time="10.914" classname="tests.GuineaPigTest"/>
  <testcase name="commentTest" time="11.797" classname="tests.GuineaPigTest"/>
  <testcase name="linkTest" time="14.842" classname="tests.GuineaPigTest"/>
  <testcase name="linkTest" time="23.756" classname="tests.GuineaPigTest"/>
  <testcase name="linkTest" time="35.131" classname="tests.GuineaPigTest"/>
  <testcase name="commentTest" time="22.115" classname="tests.GuineaPigTest"/>
  <testcase name="commentTest" time="15.760" classname="tests.GuineaPigTest"/>
  <testcase name="commentTest" time="14.600" classname="tests.GuineaPigTest"/>
</testsuite> <!-- tests.GuineaPigTest -->
